{"level":"ERROR","time":"2022-07-29T21:30:43.338+0800","caller":"logger/logger.go:112","msg":"[Recovery from panic]","error":"runtime error: invalid memory address or nil pointer dereference","request":"POST /signUp HTTP/1.1\r\nHost: 127.0.0.1:8080\r\nAccept: */*\r\nAccept-Encoding: gzip, deflate, br\r\nCache-Control: no-cache\r\nConnection: keep-alive\r\nContent-Length: 78\r\nContent-Type: application/json\r\nPostman-Token: 7e28a62e-62f9-4ad1-b840-7cc881879ed8\r\nUser-Agent: PostmanRuntime/7.29.2\r\n\r\n","stack":"goroutine 66 [running]:\nruntime/debug.Stack()\n\tE:/Go/src/runtime/debug/stack.go:24 +0x65\nbluebell/logger.GinRecovery.func1.1()\n\tD:/go/web_app/bluebell/logger/logger.go:115 +0x2da\npanic({0x1423640, 0x18347c0})\n\tE:/Go/src/runtime/panic.go:838 +0x207\ngithub.com/bwmarrin/snowflake.(*Node).Generate(0x0)\n\tE:/VMP-Code/pkg/mod/github.com/bwmarrin/snowflake@v0.3.0/snowflake.go:137 +0x27\nbluebell/pkg/snowflake.GenID(...)\n\tD:/go/web_app/bluebell/pkg/snowflake/snowflake.go:22\nbluebell/logic.SignUp(0xc0004859b0)\n\tD:/go/web_app/bluebell/logic/user.go:16 +0x48\nbluebell/controller.SignUpHandler(0xc000536100)\n\tD:/go/web_app/bluebell/controller/user.go:35 +0x3ff\ngithub.com/gin-gonic/gin.(*Context).Next(...)\n\tE:/VMP-Code/pkg/mod/github.com/gin-gonic/gin@v1.8.1/context.go:173\nbluebell/logger.GinRecovery.func1(0xc000536100)\n\tD:/go/web_app/bluebell/logger/logger.go:126 +0x76\ngithub.com/gin-gonic/gin.(*Context).Next(...)\n\tE:/VMP-Code/pkg/mod/github.com/gin-gonic/gin@v1.8.1/context.go:173\nbluebell/logger.GinLogger.func1(0xc000536100)\n\tD:/go/web_app/bluebell/logger/logger.go:67 +0xa2\ngithub.com/gin-gonic/gin.(*Context).Next(...)\n\tE:/VMP-Code/pkg/mod/github.com/gin-gonic/gin@v1.8.1/context.go:173\ngithub.com/gin-gonic/gin.(*Engine).handleHTTPRequest(0xc000604ea0, 0xc000536100)\n\tE:/VMP-Code/pkg/mod/github.com/gin-gonic/gin@v1.8.1/gin.go:616 +0x671\ngithub.com/gin-gonic/gin.(*Engine).ServeHTTP(0xc000604ea0, {0x157bc10?, 0xc0003c4460}, 0xc000536200)\n\tE:/VMP-Code/pkg/mod/github.com/gin-gonic/gin@v1.8.1/gin.go:572 +0x1dd\nnet/http.serverHandler.ServeHTTP({0x157aec0?}, {0x157bc10, 0xc0003c4460}, 0xc000536200)\n\tE:/Go/src/net/http/server.go:2916 +0x43b\nnet/http.(*conn).serve(0xc00007e000, {0x157c238, 0xc000088660})\n\tE:/Go/src/net/http/server.go:1966 +0x5d7\ncreated by net/http.(*Server).Serve\n\tE:/Go/src/net/http/server.go:3071 +0x4db\n"}
{"level":"INFO","time":"2022-07-29T21:30:43.338+0800","caller":"logger/logger.go:70","msg":"/signUp","status":500,"method":"POST","path":"/signUp","query":"","ip":"127.0.0.1","user-agent":"PostmanRuntime/7.29.2","errors":"","cost":0.0008078}
{"level":"DEBUG","time":"2022-07-29T21:31:06.446+0800","caller":"bluebell/main.go:38","msg":"logger init success..."}
{"level":"DEBUG","time":"2022-07-29T21:31:58.072+0800","caller":"bluebell/main.go:38","msg":"logger init success..."}
{"level":"ERROR","time":"2022-07-29T21:32:00.597+0800","caller":"logger/logger.go:112","msg":"[Recovery from panic]","error":"runtime error: invalid memory address or nil pointer dereference","request":"POST /signUp HTTP/1.1\r\nHost: 127.0.0.1:8080\r\nAccept: */*\r\nAccept-Encoding: gzip, deflate, br\r\nCache-Control: no-cache\r\nConnection: keep-alive\r\nContent-Length: 78\r\nContent-Type: application/json\r\nPostman-Token: 2a8ce7bd-a601-4830-8e53-f8bf999d790b\r\nUser-Agent: PostmanRuntime/7.29.2\r\n\r\n","stack":"goroutine 41 [running]:\nruntime/debug.Stack()\n\tE:/Go/src/runtime/debug/stack.go:24 +0x65\nbluebell/logger.GinRecovery.func1.1()\n\tD:/go/web_app/bluebell/logger/logger.go:115 +0x2da\npanic({0x9e4bc0, 0xdec7a0})\n\tE:/Go/src/runtime/panic.go:838 +0x207\ngithub.com/bwmarrin/snowflake.(*Node).Generate(0x0)\n\tE:/VMP-Code/pkg/mod/github.com/bwmarrin/snowflake@v0.3.0/snowflake.go:137 +0x27\nbluebell/pkg/snowflake.GenID(...)\n\tD:/go/web_app/bluebell/pkg/snowflake/snowflake.go:22\nbluebell/logic.SignUp(0xc000398420)\n\tD:/go/web_app/bluebell/logic/user.go:16 +0x28\nbluebell/controller.SignUpHandler(0xc000428100)\n\tD:/go/web_app/bluebell/controller/user.go:35 +0x3ff\ngithub.com/gin-gonic/gin.(*Context).Next(...)\n\tE:/VMP-Code/pkg/mod/github.com/gin-gonic/gin@v1.8.1/context.go:173\nbluebell/logger.GinRecovery.func1(0xc000428100)\n\tD:/go/web_app/bluebell/logger/logger.go:126 +0x76\ngithub.com/gin-gonic/gin.(*Context).Next(...)\n\tE:/VMP-Code/pkg/mod/github.com/gin-gonic/gin@v1.8.1/context.go:173\nbluebell/logger.GinLogger.func1(0xc000428100)\n\tD:/go/web_app/bluebell/logger/logger.go:67 +0xa2\ngithub.com/gin-gonic/gin.(*Context).Next(...)\n\tE:/VMP-Code/pkg/mod/github.com/gin-gonic/gin@v1.8.1/context.go:173\ngithub.com/gin-gonic/gin.(*Engine).handleHTTPRequest(0xc000585040, 0xc000428100)\n\tE:/VMP-Code/pkg/mod/github.com/gin-gonic/gin@v1.8.1/gin.go:616 +0x671\ngithub.com/gin-gonic/gin.(*Engine).ServeHTTP(0xc000585040, {0xb39e78?, 0xc00015e1c0}, 0xc000428000)\n\tE:/VMP-Code/pkg/mod/github.com/gin-gonic/gin@v1.8.1/gin.go:572 +0x1dd\nnet/http.serverHandler.ServeHTTP({0xb391e0?}, {0xb39e78, 0xc00015e1c0}, 0xc000428000)\n\tE:/Go/src/net/http/server.go:2916 +0x43b\nnet/http.(*conn).serve(0xc00007e000, {0xb3a498, 0xc000480510})\n\tE:/Go/src/net/http/server.go:1966 +0x5d7\ncreated by net/http.(*Server).Serve\n\tE:/Go/src/net/http/server.go:3071 +0x4db\n"}
{"level":"INFO","time":"2022-07-29T21:32:00.597+0800","caller":"logger/logger.go:70","msg":"/signUp","status":500,"method":"POST","path":"/signUp","query":"","ip":"127.0.0.1","user-agent":"PostmanRuntime/7.29.2","errors":"","cost":0.0005158}
{"level":"ERROR","time":"2022-07-29T21:33:32.606+0800","caller":"logger/logger.go:112","msg":"[Recovery from panic]","error":"runtime error: invalid memory address or nil pointer dereference","request":"POST /signUp HTTP/1.1\r\nHost: 127.0.0.1:8080\r\nAccept: */*\r\nAccept-Encoding: gzip, deflate, br\r\nCache-Control: no-cache\r\nConnection: keep-alive\r\nContent-Length: 78\r\nContent-Type: application/json\r\nPostman-Token: 80e0f82d-6165-4a4a-b37a-2d84fa2be0ab\r\nUser-Agent: PostmanRuntime/7.29.2\r\n\r\n","stack":"goroutine 41 [running]:\nruntime/debug.Stack()\n\tE:/Go/src/runtime/debug/stack.go:24 +0x65\nbluebell/logger.GinRecovery.func1.1()\n\tD:/go/web_app/bluebell/logger/logger.go:115 +0x2da\npanic({0x9e4bc0, 0xdec7a0})\n\tE:/Go/src/runtime/panic.go:838 +0x207\ngithub.com/bwmarrin/snowflake.(*Node).Generate(0x0)\n\tE:/VMP-Code/pkg/mod/github.com/bwmarrin/snowflake@v0.3.0/snowflake.go:137 +0x27\nbluebell/pkg/snowflake.GenID(...)\n\tD:/go/web_app/bluebell/pkg/snowflake/snowflake.go:22\nbluebell/logic.SignUp(0xc000351260)\n\tD:/go/web_app/bluebell/logic/user.go:16 +0x28\nbluebell/controller.SignUpHandler(0xc00015c300)\n\tD:/go/web_app/bluebell/controller/user.go:35 +0x3ff\ngithub.com/gin-gonic/gin.(*Context).Next(...)\n\tE:/VMP-Code/pkg/mod/github.com/gin-gonic/gin@v1.8.1/context.go:173\nbluebell/logger.GinRecovery.func1(0xc00015c300)\n\tD:/go/web_app/bluebell/logger/logger.go:126 +0x76\ngithub.com/gin-gonic/gin.(*Context).Next(...)\n\tE:/VMP-Code/pkg/mod/github.com/gin-gonic/gin@v1.8.1/context.go:173\nbluebell/logger.GinLogger.func1(0xc00015c300)\n\tD:/go/web_app/bluebell/logger/logger.go:67 +0xa2\ngithub.com/gin-gonic/gin.(*Context).Next(...)\n\tE:/VMP-Code/pkg/mod/github.com/gin-gonic/gin@v1.8.1/context.go:173\ngithub.com/gin-gonic/gin.(*Engine).handleHTTPRequest(0xc000585040, 0xc00015c300)\n\tE:/VMP-Code/pkg/mod/github.com/gin-gonic/gin@v1.8.1/gin.go:616 +0x671\ngithub.com/gin-gonic/gin.(*Engine).ServeHTTP(0xc000585040, {0xb39e78?, 0xc0003bc2a0}, 0xc00015c200)\n\tE:/VMP-Code/pkg/mod/github.com/gin-gonic/gin@v1.8.1/gin.go:572 +0x1dd\nnet/http.serverHandler.ServeHTTP({0xb391e0?}, {0xb39e78, 0xc0003bc2a0}, 0xc00015c200)\n\tE:/Go/src/net/http/server.go:2916 +0x43b\nnet/http.(*conn).serve(0xc00007e000, {0xb3a498, 0xc000480510})\n\tE:/Go/src/net/http/server.go:1966 +0x5d7\ncreated by net/http.(*Server).Serve\n\tE:/Go/src/net/http/server.go:3071 +0x4db\n"}
{"level":"INFO","time":"2022-07-29T21:33:32.606+0800","caller":"logger/logger.go:70","msg":"/signUp","status":500,"method":"POST","path":"/signUp","query":"","ip":"127.0.0.1","user-agent":"PostmanRuntime/7.29.2","errors":"","cost":0.0008963}
{"level":"DEBUG","time":"2022-07-29T21:33:43.028+0800","caller":"bluebell/main.go:38","msg":"logger init success..."}
{"level":"INFO","time":"2022-07-29T21:33:44.136+0800","caller":"logger/logger.go:70","msg":"/signUp","status":200,"method":"POST","path":"/signUp","query":"","ip":"127.0.0.1","user-agent":"PostmanRuntime/7.29.2","errors":"","cost":0.0180904}
{"level":"DEBUG","time":"2022-07-29T21:34:03.190+0800","caller":"bluebell/main.go:38","msg":"logger init success..."}
{"level":"DEBUG","time":"2022-07-29T21:36:10.897+0800","caller":"bluebell/main.go:38","msg":"logger init success..."}
{"level":"DEBUG","time":"2022-07-29T21:36:13.567+0800","caller":"bluebell/main.go:38","msg":"logger init success..."}
{"level":"DEBUG","time":"2022-07-29T21:36:17.728+0800","caller":"bluebell/main.go:38","msg":"logger init success..."}
{"level":"ERROR","time":"2022-07-29T21:36:43.116+0800","caller":"controller/user.go:36","msg":"logic.SignUp failed","error":"用户已存在"}
{"level":"INFO","time":"2022-07-29T21:36:43.116+0800","caller":"logger/logger.go:70","msg":"/signUp","status":200,"method":"POST","path":"/signUp","query":"","ip":"127.0.0.1","user-agent":"PostmanRuntime/7.29.2","errors":"","cost":0.0028868}
{"level":"ERROR","time":"2022-07-29T21:37:15.159+0800","caller":"logger/logger.go:112","msg":"[Recovery from panic]","error":"runtime error: invalid memory address or nil pointer dereference","request":"POST /signUp HTTP/1.1\r\nHost: 127.0.0.1:8080\r\nAccept: */*\r\nAccept-Encoding: gzip, deflate, br\r\nCache-Control: no-cache\r\nConnection: keep-alive\r\nContent-Length: 78\r\nContent-Type: application/json\r\nPostman-Token: c6b77f11-bc6b-4f94-9356-2079e6900a96\r\nUser-Agent: PostmanRuntime/7.29.2\r\n\r\n","stack":"goroutine 54 [running]:\nruntime/debug.Stack()\n\tE:/Go/src/runtime/debug/stack.go:24 +0x65\nbluebell/logger.GinRecovery.func1.1()\n\tD:/go/web_app/bluebell/logger/logger.go:115 +0x2da\npanic({0x12a3640, 0x16b47c0})\n\tE:/Go/src/runtime/panic.go:838 +0x207\ngithub.com/bwmarrin/snowflake.(*Node).Generate(0x0)\n\tE:/VMP-Code/pkg/mod/github.com/bwmarrin/snowflake@v0.3.0/snowflake.go:137 +0x27\nbluebell/pkg/snowflake.GenID(...)\n\tD:/go/web_app/bluebell/pkg/snowflake/snowflake.go:22\nbluebell/logic.SignUp(0xc0004808d0)\n\tD:/go/web_app/bluebell/logic/user.go:16 +0x48\nbluebell/controller.SignUpHandler(0xc000492300)\n\tD:/go/web_app/bluebell/controller/user.go:35 +0x3ff\ngithub.com/gin-gonic/gin.(*Context).Next(...)\n\tE:/VMP-Code/pkg/mod/github.com/gin-gonic/gin@v1.8.1/context.go:173\nbluebell/logger.GinRecovery.func1(0xc000492300)\n\tD:/go/web_app/bluebell/logger/logger.go:126 +0x76\ngithub.com/gin-gonic/gin.(*Context).Next(...)\n\tE:/VMP-Code/pkg/mod/github.com/gin-gonic/gin@v1.8.1/context.go:173\nbluebell/logger.GinLogger.func1(0xc000492300)\n\tD:/go/web_app/bluebell/logger/logger.go:67 +0xa2\ngithub.com/gin-gonic/gin.(*Context).Next(...)\n\tE:/VMP-Code/pkg/mod/github.com/gin-gonic/gin@v1.8.1/context.go:173\ngithub.com/gin-gonic/gin.(*Engine).handleHTTPRequest(0xc000419860, 0xc000492300)\n\tE:/VMP-Code/pkg/mod/github.com/gin-gonic/gin@v1.8.1/gin.go:616 +0x671\ngithub.com/gin-gonic/gin.(*Engine).ServeHTTP(0xc000419860, {0x13fbc10?, 0xc00015e380}, 0xc000492400)\n\tE:/VMP-Code/pkg/mod/github.com/gin-gonic/gin@v1.8.1/gin.go:572 +0x1dd\nnet/http.serverHandler.ServeHTTP({0x13faec0?}, {0x13fbc10, 0xc00015e380}, 0xc000492400)\n\tE:/Go/src/net/http/server.go:2916 +0x43b\nnet/http.(*conn).serve(0xc00007e000, {0x13fc238, 0xc000700150})\n\tE:/Go/src/net/http/server.go:1966 +0x5d7\ncreated by net/http.(*Server).Serve\n\tE:/Go/src/net/http/server.go:3071 +0x4db\n"}
{"level":"INFO","time":"2022-07-29T21:37:15.159+0800","caller":"logger/logger.go:70","msg":"/signUp","status":500,"method":"POST","path":"/signUp","query":"","ip":"127.0.0.1","user-agent":"PostmanRuntime/7.29.2","errors":"","cost":0.0015752}
{"level":"INFO","time":"2022-07-29T21:38:16.153+0800","caller":"bluebell/main.go:80","msg":"Shutdown Server ..."}
{"level":"INFO","time":"2022-07-29T21:38:16.164+0800","caller":"bluebell/main.go:89","msg":"Server exiting"}
{"level":"DEBUG","time":"2022-07-29T21:43:09.144+0800","caller":"bluebell/main.go:39","msg":"logger init success..."}
{"level":"DEBUG","time":"2022-07-29T21:43:37.519+0800","caller":"bluebell/main.go:39","msg":"logger init success..."}
{"level":"DEBUG","time":"2022-07-29T21:44:34.152+0800","caller":"bluebell/main.go:39","msg":"logger init success..."}
{"level":"INFO","time":"2022-07-29T21:44:41.772+0800","caller":"logger/logger.go:70","msg":"/signUp","status":200,"method":"POST","path":"/signUp","query":"","ip":"127.0.0.1","user-agent":"PostmanRuntime/7.29.2","errors":"","cost":0.0031603}
{"level":"INFO","time":"2022-07-29T21:44:57.043+0800","caller":"logger/logger.go:70","msg":"/signUp","status":200,"method":"POST","path":"/signUp","query":"","ip":"127.0.0.1","user-agent":"PostmanRuntime/7.29.2","errors":"","cost":0.0039155}
{"level":"INFO","time":"2022-07-29T21:45:24.890+0800","caller":"bluebell/main.go:86","msg":"Shutdown Server ..."}
{"level":"INFO","time":"2022-07-29T21:45:24.901+0800","caller":"bluebell/main.go:95","msg":"Server exiting"}
{"level":"DEBUG","time":"2022-07-29T23:21:45.381+0800","caller":"bluebell/main.go:39","msg":"logger init success..."}
{"level":"ERROR","time":"2022-07-29T23:21:53.506+0800","caller":"controller/user.go:20","msg":"SignUp with invalid  param","error":"Key: 'ParamSignUp.re_password' Error:Field validation for 're_password' failed on the 'eqfield' tag"}
{"level":"INFO","time":"2022-07-29T23:21:53.506+0800","caller":"logger/logger.go:79","msg":"/signUp","status":200,"method":"POST","path":"/signUp","query":"","ip":"127.0.0.1","user-agent":"PostmanRuntime/7.29.2","errors":"","cost":0.0005417}
{"level":"INFO","time":"2022-07-29T23:22:08.966+0800","caller":"bluebell/main.go:86","msg":"Shutdown Server ..."}
{"level":"INFO","time":"2022-07-29T23:22:08.980+0800","caller":"bluebell/main.go:95","msg":"Server exiting"}
{"level":"DEBUG","time":"2022-07-29T23:22:12.369+0800","caller":"bluebell/main.go:39","msg":"logger init success..."}
{"level":"ERROR","time":"2022-07-29T23:22:19.414+0800","caller":"controller/user.go:20","msg":"SignUp with invalid  param","error":"Key: 'ParamSignUp.re_password' Error:Field validation for 're_password' failed on the 'eqfield' tag"}
{"level":"INFO","time":"2022-07-29T23:22:19.415+0800","caller":"logger/logger.go:80","msg":"/signUp","status":200,"method":"POST","path":"/signUp","query":"","ip":"127.0.0.1","user-agent":"PostmanRuntime/7.29.2","errors":"","cost":0.0016018}
{"level":"INFO","time":"2022-07-29T23:28:29.606+0800","caller":"bluebell/main.go:86","msg":"Shutdown Server ..."}
{"level":"INFO","time":"2022-07-29T23:28:29.609+0800","caller":"bluebell/main.go:95","msg":"Server exiting"}
{"level":"DEBUG","time":"2022-07-29T23:28:32.276+0800","caller":"bluebell/main.go:39","msg":"logger init success..."}
{"level":"ERROR","time":"2022-07-29T23:28:40.310+0800","caller":"controller/user.go:20","msg":"SignUp with invalid  param","error":"Key: 'ParamSignUp.re_password' Error:Field validation for 're_password' failed on the 'eqfield' tag"}
{"level":"INFO","time":"2022-07-29T23:28:40.310+0800","caller":"logger/logger.go:80","msg":"/signUp","status":200,"method":"POST","path":"/signUp","query":"","ip":"127.0.0.1","user-agent":"PostmanRuntime/7.29.2","errors":"","cost":0.0009988}
{"level":"INFO","time":"2022-07-29T23:28:50.084+0800","caller":"bluebell/main.go:86","msg":"Shutdown Server ..."}
{"level":"INFO","time":"2022-07-29T23:28:50.086+0800","caller":"bluebell/main.go:95","msg":"Server exiting"}
{"level":"DEBUG","time":"2022-07-31T10:19:51.279+0800","caller":"bluebell/main.go:39","msg":"logger init success..."}
{"level":"ERROR","time":"2022-07-31T10:21:58.011+0800","caller":"controller/user.go:67","msg":"logic.Login failed","error":"sql: converting argument $1 type: unsupported type models.User, a struct"}
{"level":"INFO","time":"2022-07-31T10:21:58.012+0800","caller":"logger/logger.go:80","msg":"/login","status":200,"method":"POST","path":"/login","query":"","ip":"::1","user-agent":"PostmanRuntime/7.29.2","errors":"","cost":0.0011218}
{"level":"ERROR","time":"2022-07-31T10:22:17.636+0800","caller":"controller/user.go:67","msg":"logic.Login failed","error":"sql: converting argument $1 type: unsupported type models.User, a struct"}
{"level":"INFO","time":"2022-07-31T10:22:17.637+0800","caller":"logger/logger.go:80","msg":"/login","status":200,"method":"POST","path":"/login","query":"","ip":"::1","user-agent":"PostmanRuntime/7.29.2","errors":"","cost":0.0020946}
{"level":"INFO","time":"2022-07-31T10:22:23.661+0800","caller":"bluebell/main.go:86","msg":"Shutdown Server ..."}
{"level":"INFO","time":"2022-07-31T10:22:23.671+0800","caller":"bluebell/main.go:95","msg":"Server exiting"}
{"level":"DEBUG","time":"2022-07-31T10:22:31.076+0800","caller":"bluebell/main.go:39","msg":"logger init success..."}
{"level":"ERROR","time":"2022-07-31T10:22:33.443+0800","caller":"controller/user.go:67","msg":"logic.Login failed","error":"sql: converting argument $1 type: unsupported type models.User, a struct"}
{"level":"INFO","time":"2022-07-31T10:22:33.443+0800","caller":"logger/logger.go:80","msg":"/login","status":200,"method":"POST","path":"/login","query":"","ip":"::1","user-agent":"PostmanRuntime/7.29.2","errors":"","cost":0.0006781}
{"level":"ERROR","time":"2022-07-31T10:22:56.586+0800","caller":"controller/user.go:36","msg":"logic.SignUp failed","error":"用户已存在"}
{"level":"INFO","time":"2022-07-31T10:22:56.586+0800","caller":"logger/logger.go:80","msg":"/signUp","status":200,"method":"POST","path":"/signUp","query":"","ip":"127.0.0.1","user-agent":"PostmanRuntime/7.29.2","errors":"","cost":0.0012317}
{"level":"DEBUG","time":"2022-07-31T10:24:07.886+0800","caller":"bluebell/main.go:39","msg":"logger init success..."}
{"level":"ERROR","time":"2022-07-31T10:24:25.155+0800","caller":"controller/user.go:67","msg":"logic.Login failed","error":"sql: converting argument $1 type: unsupported type models.User, a struct"}
{"level":"INFO","time":"2022-07-31T10:24:25.155+0800","caller":"logger/logger.go:80","msg":"/login","status":200,"method":"POST","path":"/login","query":"","ip":"::1","user-agent":"PostmanRuntime/7.29.2","errors":"","cost":0}
{"level":"ERROR","time":"2022-07-31T10:25:02.540+0800","caller":"controller/user.go:67","msg":"logic.Login failed","error":"sql: converting argument $1 type: unsupported type models.User, a struct"}
{"level":"INFO","time":"2022-07-31T10:25:02.541+0800","caller":"logger/logger.go:80","msg":"/login","status":200,"method":"POST","path":"/login","query":"","ip":"::1","user-agent":"PostmanRuntime/7.29.2","errors":"","cost":0.0009298}
{"level":"DEBUG","time":"2022-07-31T10:26:22.929+0800","caller":"bluebell/main.go:39","msg":"logger init success..."}
{"level":"DEBUG","time":"2022-07-31T10:26:24.786+0800","caller":"bluebell/main.go:39","msg":"logger init success..."}
{"level":"ERROR","time":"2022-07-31T10:26:34.239+0800","caller":"controller/user.go:67","msg":"logic.Login failed","error":"sql: converting argument $1 type: unsupported type models.User, a struct"}
{"level":"INFO","time":"2022-07-31T10:26:34.239+0800","caller":"logger/logger.go:80","msg":"/login","status":200,"method":"POST","path":"/login","query":"","ip":"::1","user-agent":"PostmanRuntime/7.29.2","errors":"","cost":0.0006518}
{"level":"DEBUG","time":"2022-07-31T10:27:32.841+0800","caller":"bluebell/main.go:39","msg":"logger init success..."}
{"level":"DEBUG","time":"2022-07-31T10:27:45.605+0800","caller":"bluebell/main.go:39","msg":"logger init success..."}
{"level":"ERROR","time":"2022-07-31T10:27:48.899+0800","caller":"controller/user.go:67","msg":"logic.Login failed","error":"sql: converting argument $1 type: unsupported type models.User, a struct"}
{"level":"INFO","time":"2022-07-31T10:27:48.899+0800","caller":"logger/logger.go:80","msg":"/login","status":200,"method":"POST","path":"/login","query":"","ip":"::1","user-agent":"PostmanRuntime/7.29.2","errors":"","cost":0}
{"level":"DEBUG","time":"2022-07-31T10:31:52.260+0800","caller":"bluebell/main.go:39","msg":"logger init success..."}
{"level":"ERROR","time":"2022-07-31T10:31:52.670+0800","caller":"controller/user.go:67","msg":"logic.Login failed","error":"sql: converting argument $1 type: unsupported type models.User, a struct"}
{"level":"INFO","time":"2022-07-31T10:31:52.670+0800","caller":"logger/logger.go:80","msg":"/login","status":200,"method":"POST","path":"/login","query":"","ip":"::1","user-agent":"PostmanRuntime/7.29.2","errors":"","cost":0.0005321}
{"level":"ERROR","time":"2022-07-31T10:31:54.093+0800","caller":"controller/user.go:67","msg":"logic.Login failed","error":"sql: converting argument $1 type: unsupported type models.User, a struct"}
{"level":"INFO","time":"2022-07-31T10:31:54.094+0800","caller":"logger/logger.go:80","msg":"/login","status":200,"method":"POST","path":"/login","query":"","ip":"::1","user-agent":"PostmanRuntime/7.29.2","errors":"","cost":0.0005767}
{"level":"DEBUG","time":"2022-07-31T10:32:01.601+0800","caller":"bluebell/main.go:39","msg":"logger init success..."}
{"level":"DEBUG","time":"2022-07-31T10:35:18.136+0800","caller":"bluebell/main.go:39","msg":"logger init success..."}
{"level":"DEBUG","time":"2022-07-31T10:39:46.521+0800","caller":"bluebell/main.go:39","msg":"logger init success..."}
{"level":"DEBUG","time":"2022-07-31T10:40:10.300+0800","caller":"bluebell/main.go:39","msg":"logger init success..."}
{"level":"INFO","time":"2022-07-31T10:40:11.939+0800","caller":"logger/logger.go:80","msg":"/login","status":200,"method":"POST","path":"/login","query":"","ip":"::1","user-agent":"PostmanRuntime/7.29.2","errors":"","cost":0.0002891}
{"level":"DEBUG","time":"2022-07-31T10:40:18.964+0800","caller":"bluebell/main.go:39","msg":"logger init success..."}
{"level":"DEBUG","time":"2022-07-31T10:40:20.409+0800","caller":"bluebell/main.go:39","msg":"logger init success..."}
{"level":"DEBUG","time":"2022-07-31T10:40:46.389+0800","caller":"bluebell/main.go:39","msg":"logger init success..."}
{"level":"ERROR","time":"2022-07-31T10:40:48.281+0800","caller":"controller/user.go:67","msg":"logic.Login failed","error":"密码错误"}
{"level":"INFO","time":"2022-07-31T10:40:48.281+0800","caller":"logger/logger.go:80","msg":"/login","status":200,"method":"POST","path":"/login","query":"","ip":"::1","user-agent":"PostmanRuntime/7.29.2","errors":"","cost":0.0005464}
{"level":"DEBUG","time":"2022-07-31T10:40:55.742+0800","caller":"bluebell/main.go:39","msg":"logger init success..."}
{"level":"DEBUG","time":"2022-07-31T10:42:05.289+0800","caller":"bluebell/main.go:39","msg":"logger init success..."}
{"level":"ERROR","time":"2022-07-31T10:42:06.488+0800","caller":"controller/user.go:67","msg":"logic.Login failed","error":"sql: converting argument $1 type: unsupported type models.User, a struct"}
{"level":"INFO","time":"2022-07-31T10:42:06.488+0800","caller":"logger/logger.go:80","msg":"/login","status":200,"method":"POST","path":"/login","query":"","ip":"::1","user-agent":"PostmanRuntime/7.29.2","errors":"","cost":0.0006086}
{"level":"DEBUG","time":"2022-07-31T10:42:18.446+0800","caller":"bluebell/main.go:39","msg":"logger init success..."}
{"level":"DEBUG","time":"2022-07-31T10:43:33.638+0800","caller":"bluebell/main.go:39","msg":"logger init success..."}
{"level":"INFO","time":"2022-07-31T10:43:35.584+0800","caller":"logger/logger.go:80","msg":"/login","status":200,"method":"POST","path":"/login","query":"","ip":"::1","user-agent":"PostmanRuntime/7.29.2","errors":"","cost":0.000873}
{"level":"ERROR","time":"2022-07-31T10:43:40.731+0800","caller":"controller/user.go:67","msg":"logic.Login failed","error":"密码错误"}
{"level":"INFO","time":"2022-07-31T10:43:40.731+0800","caller":"logger/logger.go:80","msg":"/login","status":200,"method":"POST","path":"/login","query":"","ip":"::1","user-agent":"PostmanRuntime/7.29.2","errors":"","cost":0.0006586}
{"level":"ERROR","time":"2022-07-31T10:43:45.691+0800","caller":"controller/user.go:53","msg":"Login with invalid param","error":"Key: 'ParamLogin.password' Error:Field validation for 'password' failed on the 'required' tag"}
{"level":"ERROR","time":"2022-07-31T10:43:45.692+0800","caller":"controller/user.go:67","msg":"logic.Login failed","error":"密码错误"}
{"level":"INFO","time":"2022-07-31T10:43:45.692+0800","caller":"logger/logger.go:80","msg":"/login","status":200,"method":"POST","path":"/login","query":"","ip":"::1","user-agent":"PostmanRuntime/7.29.2","errors":"","cost":0.0006976}
{"level":"DEBUG","time":"2022-07-31T10:44:18.502+0800","caller":"bluebell/main.go:39","msg":"logger init success..."}
{"level":"ERROR","time":"2022-07-31T10:44:24.778+0800","caller":"controller/user.go:53","msg":"Login with invalid param","error":"Key: 'ParamLogin.password' Error:Field validation for 'password' failed on the 'required' tag"}
{"level":"INFO","time":"2022-07-31T10:44:24.779+0800","caller":"logger/logger.go:80","msg":"/login","status":200,"method":"POST","path":"/login","query":"","ip":"::1","user-agent":"PostmanRuntime/7.29.2","errors":"","cost":0.0005191}
{"level":"INFO","time":"2022-07-31T10:45:25.731+0800","caller":"logger/logger.go:80","msg":"/login","status":200,"method":"POST","path":"/login","query":"","ip":"::1","user-agent":"PostmanRuntime/7.29.2","errors":"","cost":0.0011487}
{"level":"DEBUG","time":"2022-07-31T12:37:32.394+0800","caller":"bluebell/main.go:39","msg":"logger init success..."}
{"level":"DEBUG","time":"2022-07-31T12:37:42.695+0800","caller":"bluebell/main.go:39","msg":"logger init success..."}
{"level":"DEBUG","time":"2022-07-31T12:38:38.285+0800","caller":"bluebell/main.go:39","msg":"logger init success..."}
{"level":"DEBUG","time":"2022-07-31T12:39:37.623+0800","caller":"bluebell/main.go:39","msg":"logger init success..."}
{"level":"DEBUG","time":"2022-07-31T12:40:09.086+0800","caller":"bluebell/main.go:39","msg":"logger init success..."}
{"level":"DEBUG","time":"2022-07-31T12:40:19.828+0800","caller":"bluebell/main.go:39","msg":"logger init success..."}
{"level":"DEBUG","time":"2022-07-31T12:41:14.158+0800","caller":"bluebell/main.go:39","msg":"logger init success..."}
{"level":"DEBUG","time":"2022-07-31T12:41:15.824+0800","caller":"bluebell/main.go:39","msg":"logger init success..."}
{"level":"DEBUG","time":"2022-07-31T12:41:54.448+0800","caller":"bluebell/main.go:39","msg":"logger init success..."}
{"level":"DEBUG","time":"2022-07-31T12:42:06.332+0800","caller":"bluebell/main.go:39","msg":"logger init success..."}
{"level":"DEBUG","time":"2022-07-31T12:42:21.990+0800","caller":"bluebell/main.go:39","msg":"logger init success..."}
{"level":"DEBUG","time":"2022-07-31T12:42:33.170+0800","caller":"bluebell/main.go:39","msg":"logger init success..."}
{"level":"DEBUG","time":"2022-07-31T12:42:34.582+0800","caller":"bluebell/main.go:39","msg":"logger init success..."}
{"level":"DEBUG","time":"2022-07-31T12:42:46.609+0800","caller":"bluebell/main.go:39","msg":"logger init success..."}
{"level":"DEBUG","time":"2022-07-31T12:42:50.536+0800","caller":"bluebell/main.go:39","msg":"logger init success..."}
{"level":"DEBUG","time":"2022-07-31T12:42:53.677+0800","caller":"bluebell/main.go:39","msg":"logger init success..."}
{"level":"DEBUG","time":"2022-07-31T12:42:59.645+0800","caller":"bluebell/main.go:39","msg":"logger init success..."}
{"level":"DEBUG","time":"2022-07-31T12:43:13.907+0800","caller":"bluebell/main.go:39","msg":"logger init success..."}
{"level":"DEBUG","time":"2022-07-31T12:43:32.419+0800","caller":"bluebell/main.go:39","msg":"logger init success..."}
{"level":"DEBUG","time":"2022-07-31T12:43:33.165+0800","caller":"bluebell/main.go:39","msg":"logger init success..."}
{"level":"DEBUG","time":"2022-07-31T12:44:46.445+0800","caller":"bluebell/main.go:39","msg":"logger init success..."}
{"level":"DEBUG","time":"2022-07-31T12:44:47.800+0800","caller":"bluebell/main.go:39","msg":"logger init success..."}
{"level":"DEBUG","time":"2022-07-31T12:46:15.265+0800","caller":"bluebell/main.go:39","msg":"logger init success..."}
{"level":"DEBUG","time":"2022-07-31T12:46:35.477+0800","caller":"bluebell/main.go:39","msg":"logger init success..."}
{"level":"DEBUG","time":"2022-07-31T12:47:03.346+0800","caller":"bluebell/main.go:39","msg":"logger init success..."}
{"level":"DEBUG","time":"2022-07-31T12:47:44.898+0800","caller":"bluebell/main.go:39","msg":"logger init success..."}
{"level":"DEBUG","time":"2022-07-31T12:48:13.159+0800","caller":"bluebell/main.go:39","msg":"logger init success..."}
{"level":"DEBUG","time":"2022-07-31T12:48:29.382+0800","caller":"bluebell/main.go:39","msg":"logger init success..."}
{"level":"DEBUG","time":"2022-07-31T12:48:34.055+0800","caller":"bluebell/main.go:39","msg":"logger init success..."}
{"level":"DEBUG","time":"2022-07-31T12:48:40.747+0800","caller":"bluebell/main.go:39","msg":"logger init success..."}
{"level":"DEBUG","time":"2022-07-31T12:48:42.032+0800","caller":"bluebell/main.go:39","msg":"logger init success..."}
{"level":"DEBUG","time":"2022-07-31T12:49:26.433+0800","caller":"bluebell/main.go:39","msg":"logger init success..."}
{"level":"DEBUG","time":"2022-07-31T12:49:44.048+0800","caller":"bluebell/main.go:39","msg":"logger init success..."}
{"level":"DEBUG","time":"2022-07-31T12:49:55.856+0800","caller":"bluebell/main.go:39","msg":"logger init success..."}
{"level":"DEBUG","time":"2022-07-31T12:50:06.766+0800","caller":"bluebell/main.go:39","msg":"logger init success..."}
{"level":"DEBUG","time":"2022-07-31T12:50:15.577+0800","caller":"bluebell/main.go:39","msg":"logger init success..."}
{"level":"DEBUG","time":"2022-07-31T12:50:19.190+0800","caller":"bluebell/main.go:39","msg":"logger init success..."}
{"level":"DEBUG","time":"2022-07-31T12:50:20.167+0800","caller":"bluebell/main.go:39","msg":"logger init success..."}
{"level":"DEBUG","time":"2022-07-31T12:51:15.342+0800","caller":"bluebell/main.go:39","msg":"logger init success..."}
{"level":"DEBUG","time":"2022-07-31T12:51:16.321+0800","caller":"bluebell/main.go:39","msg":"logger init success..."}
{"level":"DEBUG","time":"2022-07-31T12:51:25.119+0800","caller":"bluebell/main.go:39","msg":"logger init success..."}
{"level":"DEBUG","time":"2022-07-31T12:51:30.453+0800","caller":"bluebell/main.go:39","msg":"logger init success..."}
{"level":"DEBUG","time":"2022-07-31T12:52:04.948+0800","caller":"bluebell/main.go:39","msg":"logger init success..."}
{"level":"DEBUG","time":"2022-07-31T12:57:35.931+0800","caller":"bluebell/main.go:39","msg":"logger init success..."}
{"level":"DEBUG","time":"2022-07-31T12:57:36.968+0800","caller":"bluebell/main.go:39","msg":"logger init success..."}
{"level":"DEBUG","time":"2022-07-31T12:58:57.196+0800","caller":"bluebell/main.go:39","msg":"logger init success..."}
{"level":"DEBUG","time":"2022-07-31T12:59:03.024+0800","caller":"bluebell/main.go:39","msg":"logger init success..."}
{"level":"DEBUG","time":"2022-07-31T12:59:09.073+0800","caller":"bluebell/main.go:39","msg":"logger init success..."}
{"level":"DEBUG","time":"2022-07-31T12:59:29.303+0800","caller":"bluebell/main.go:39","msg":"logger init success..."}
{"level":"DEBUG","time":"2022-07-31T12:59:34.840+0800","caller":"bluebell/main.go:39","msg":"logger init success..."}
{"level":"INFO","time":"2022-07-31T12:59:43.764+0800","caller":"logger/logger.go:80","msg":"/login","status":200,"method":"POST","path":"/login","query":"","ip":"::1","user-agent":"PostmanRuntime/7.29.2","errors":"","cost":0.0010013}
{"level":"ERROR","time":"2022-07-31T12:59:54.400+0800","caller":"controller/user.go:53","msg":"Login with invalid param","error":"Key: 'ParamLogin.password' Error:Field validation for 'password' failed on the 'required' tag"}
{"level":"INFO","time":"2022-07-31T12:59:54.400+0800","caller":"logger/logger.go:80","msg":"/login","status":200,"method":"POST","path":"/login","query":"","ip":"::1","user-agent":"PostmanRuntime/7.29.2","errors":"","cost":0.0002512}
{"level":"ERROR","time":"2022-07-31T13:00:11.867+0800","caller":"controller/user.go:22","msg":"SignUp with invalid  param","error":"Key: 'ParamSignUp.password' Error:Field validation for 'password' failed on the 'required' tag\nKey: 'ParamSignUp.re_password' Error:Field validation for 're_password' failed on the 'required' tag"}
{"level":"INFO","time":"2022-07-31T13:00:11.867+0800","caller":"logger/logger.go:80","msg":"/signUp","status":200,"method":"POST","path":"/signUp","query":"","ip":"127.0.0.1","user-agent":"PostmanRuntime/7.29.2","errors":"","cost":0.000496}
{"level":"ERROR","time":"2022-07-31T13:00:17.487+0800","caller":"controller/user.go:22","msg":"SignUp with invalid  param","error":"Key: 'ParamSignUp.re_password' Error:Field validation for 're_password' failed on the 'eqfield' tag"}
{"level":"INFO","time":"2022-07-31T13:00:17.487+0800","caller":"logger/logger.go:80","msg":"/signUp","status":200,"method":"POST","path":"/signUp","query":"","ip":"127.0.0.1","user-agent":"PostmanRuntime/7.29.2","errors":"","cost":0.0000822}
{"level":"DEBUG","time":"2022-07-31T13:04:36.342+0800","caller":"bluebell/main.go:39","msg":"logger init success..."}
{"level":"ERROR","time":"2022-07-31T13:04:40.297+0800","caller":"controller/user.go:33","msg":"logic.SignUp failed","error":"用户已存在"}
{"level":"INFO","time":"2022-07-31T13:04:40.297+0800","caller":"logger/logger.go:80","msg":"/signUp","status":200,"method":"POST","path":"/signUp","query":"","ip":"127.0.0.1","user-agent":"PostmanRuntime/7.29.2","errors":"","cost":0.0012314}
{"level":"INFO","time":"2022-07-31T13:04:46.620+0800","caller":"logger/logger.go:80","msg":"/signUp","status":200,"method":"POST","path":"/signUp","query":"","ip":"127.0.0.1","user-agent":"PostmanRuntime/7.29.2","errors":"","cost":0.0030435}
{"level":"INFO","time":"2022-07-31T13:04:51.076+0800","caller":"logger/logger.go:80","msg":"/login","status":200,"method":"POST","path":"/login","query":"","ip":"::1","user-agent":"PostmanRuntime/7.29.2","errors":"","cost":0.0005863}
{"level":"DEBUG","time":"2022-07-31T13:07:47.545+0800","caller":"bluebell/main.go:39","msg":"logger init success..."}
{"level":"DEBUG","time":"2022-07-31T13:07:50.041+0800","caller":"bluebell/main.go:39","msg":"logger init success..."}
{"level":"DEBUG","time":"2022-07-31T13:07:57.722+0800","caller":"bluebell/main.go:39","msg":"logger init success..."}
{"level":"DEBUG","time":"2022-07-31T13:08:01.593+0800","caller":"bluebell/main.go:39","msg":"logger init success..."}
{"level":"DEBUG","time":"2022-07-31T13:08:04.933+0800","caller":"bluebell/main.go:39","msg":"logger init success..."}
{"level":"DEBUG","time":"2022-07-31T13:08:10.412+0800","caller":"bluebell/main.go:39","msg":"logger init success..."}
{"level":"DEBUG","time":"2022-07-31T13:08:11.421+0800","caller":"bluebell/main.go:39","msg":"logger init success..."}
{"level":"DEBUG","time":"2022-07-31T13:53:45.424+0800","caller":"bluebell/main.go:39","msg":"logger init success..."}
{"level":"DEBUG","time":"2022-07-31T13:53:47.091+0800","caller":"bluebell/main.go:39","msg":"logger init success..."}
{"level":"DEBUG","time":"2022-07-31T15:37:16.996+0800","caller":"bluebell/main.go:39","msg":"logger init success..."}
{"level":"DEBUG","time":"2022-07-31T15:46:10.539+0800","caller":"bluebell/main.go:39","msg":"logger init success..."}
{"level":"DEBUG","time":"2022-07-31T15:46:12.184+0800","caller":"bluebell/main.go:39","msg":"logger init success..."}
{"level":"DEBUG","time":"2022-07-31T15:46:25.230+0800","caller":"bluebell/main.go:39","msg":"logger init success..."}
{"level":"DEBUG","time":"2022-07-31T15:46:26.277+0800","caller":"bluebell/main.go:39","msg":"logger init success..."}
{"level":"DEBUG","time":"2022-07-31T15:49:02.172+0800","caller":"bluebell/main.go:39","msg":"logger init success..."}
{"level":"INFO","time":"2022-07-31T15:49:02.317+0800","caller":"logger/logger.go:80","msg":"/login","status":200,"method":"POST","path":"/login","query":"","ip":"::1","user-agent":"PostmanRuntime/7.29.2","errors":"","cost":0.001461}
{"level":"DEBUG","time":"2022-07-31T16:08:38.810+0800","caller":"bluebell/main.go:39","msg":"logger init success..."}
{"level":"DEBUG","time":"2022-07-31T16:08:44.047+0800","caller":"bluebell/main.go:39","msg":"logger init success..."}
{"level":"DEBUG","time":"2022-07-31T16:08:48.533+0800","caller":"bluebell/main.go:39","msg":"logger init success..."}
{"level":"DEBUG","time":"2022-07-31T16:09:05.862+0800","caller":"bluebell/main.go:39","msg":"logger init success..."}
{"level":"DEBUG","time":"2022-07-31T16:09:06.836+0800","caller":"bluebell/main.go:39","msg":"logger init success..."}
{"level":"DEBUG","time":"2022-07-31T16:13:54.053+0800","caller":"bluebell/main.go:39","msg":"logger init success..."}
{"level":"DEBUG","time":"2022-07-31T16:14:18.720+0800","caller":"bluebell/main.go:39","msg":"logger init success..."}
{"level":"DEBUG","time":"2022-07-31T16:14:19.735+0800","caller":"bluebell/main.go:39","msg":"logger init success..."}
{"level":"DEBUG","time":"2022-07-31T16:16:15.462+0800","caller":"bluebell/main.go:39","msg":"logger init success..."}
{"level":"DEBUG","time":"2022-07-31T16:16:16.439+0800","caller":"bluebell/main.go:39","msg":"logger init success..."}
{"level":"DEBUG","time":"2022-07-31T16:26:44.285+0800","caller":"bluebell/main.go:39","msg":"logger init success..."}
{"level":"INFO","time":"2022-07-31T16:27:27.980+0800","caller":"bluebell/main.go:86","msg":"Shutdown Server ..."}
{"level":"INFO","time":"2022-07-31T16:27:27.994+0800","caller":"bluebell/main.go:95","msg":"Server exiting"}
{"level":"DEBUG","time":"2022-07-31T16:27:34.676+0800","caller":"bluebell/main.go:39","msg":"logger init success..."}
{"level":"INFO","time":"2022-07-31T16:30:01.130+0800","caller":"logger/logger.go:80","msg":"/login","status":200,"method":"POST","path":"/login","query":"","ip":"::1","user-agent":"PostmanRuntime/7.29.2","errors":"","cost":0.0014575}
{"level":"INFO","time":"2022-07-31T16:30:03.514+0800","caller":"logger/logger.go:80","msg":"/login","status":200,"method":"POST","path":"/login","query":"","ip":"::1","user-agent":"PostmanRuntime/7.29.2","errors":"","cost":0}
{"level":"INFO","time":"2022-07-31T16:30:04.268+0800","caller":"logger/logger.go:80","msg":"/login","status":200,"method":"POST","path":"/login","query":"","ip":"::1","user-agent":"PostmanRuntime/7.29.2","errors":"","cost":0.0006504}
{"level":"INFO","time":"2022-07-31T16:30:05.245+0800","caller":"logger/logger.go:80","msg":"/login","status":200,"method":"POST","path":"/login","query":"","ip":"::1","user-agent":"PostmanRuntime/7.29.2","errors":"","cost":0.0006875}
{"level":"INFO","time":"2022-07-31T16:30:22.446+0800","caller":"logger/logger.go:80","msg":"/ping","status":200,"method":"GET","path":"/ping","query":"","ip":"::1","user-agent":"PostmanRuntime/7.29.2","errors":"","cost":0}
{"level":"INFO","time":"2022-07-31T16:30:29.048+0800","caller":"logger/logger.go:80","msg":"/ping","status":200,"method":"GET","path":"/ping","query":"","ip":"::1","user-agent":"PostmanRuntime/7.29.2","errors":"","cost":0.0006886}
{"level":"INFO","time":"2022-07-31T16:30:40.898+0800","caller":"logger/logger.go:80","msg":"/ping","status":200,"method":"GET","path":"/ping","query":"","ip":"::1","user-agent":"PostmanRuntime/7.29.2","errors":"","cost":0.0007436}
{"level":"INFO","time":"2022-08-02T07:38:05.962+0800","caller":"bluebell/main.go:86","msg":"Shutdown Server ..."}
{"level":"INFO","time":"2022-08-02T07:38:05.968+0800","caller":"bluebell/main.go:95","msg":"Server exiting"}
{"level":"DEBUG","time":"2022-08-02T19:46:47.177+0800","caller":"bluebell/main.go:39","msg":"logger init success..."}
{"level":"INFO","time":"2022-08-02T19:47:25.549+0800","caller":"logger/logger.go:80","msg":"/api/v1/community","status":200,"method":"GET","path":"/api/v1/community","query":"","ip":"::1","user-agent":"PostmanRuntime/7.29.2","errors":"","cost":0.0001641}
{"level":"INFO","time":"2022-08-02T19:47:31.682+0800","caller":"logger/logger.go:80","msg":"/login","status":404,"method":"POST","path":"/login","query":"","ip":"::1","user-agent":"PostmanRuntime/7.29.2","errors":"","cost":0}
{"level":"INFO","time":"2022-08-02T19:47:40.491+0800","caller":"logger/logger.go:80","msg":"/api/v1/login","status":200,"method":"POST","path":"/api/v1/login","query":"","ip":"::1","user-agent":"PostmanRuntime/7.29.2","errors":"","cost":0.0082133}
{"level":"INFO","time":"2022-08-02T19:47:48.322+0800","caller":"logger/logger.go:80","msg":"/api/v1/community","status":200,"method":"GET","path":"/api/v1/community","query":"","ip":"::1","user-agent":"PostmanRuntime/7.29.2","errors":"","cost":0.0032558}
{"level":"DEBUG","time":"2022-08-02T19:48:22.055+0800","caller":"bluebell/main.go:39","msg":"logger init success..."}
{"level":"DEBUG","time":"2022-08-02T19:48:23.538+0800","caller":"bluebell/main.go:39","msg":"logger init success..."}
{"level":"DEBUG","time":"2022-08-02T19:51:39.123+0800","caller":"bluebell/main.go:39","msg":"logger init success..."}
{"level":"INFO","time":"2022-08-02T19:51:43.421+0800","caller":"logger/logger.go:80","msg":"/api/v1/login","status":200,"method":"POST","path":"/api/v1/login","query":"","ip":"::1","user-agent":"PostmanRuntime/7.29.2","errors":"","cost":0.0014045}
{"level":"INFO","time":"2022-08-02T19:52:01.179+0800","caller":"logger/logger.go:80","msg":"/api/v1/community","status":200,"method":"GET","path":"/api/v1/community","query":"","ip":"::1","user-agent":"PostmanRuntime/7.29.2","errors":"","cost":0.000794}
{"level":"DEBUG","time":"2022-08-02T20:16:49.081+0800","caller":"bluebell/main.go:39","msg":"logger init success..."}
{"level":"DEBUG","time":"2022-08-02T20:17:20.717+0800","caller":"bluebell/main.go:39","msg":"logger init success..."}
{"level":"DEBUG","time":"2022-08-02T20:17:25.842+0800","caller":"bluebell/main.go:39","msg":"logger init success..."}
{"level":"DEBUG","time":"2022-08-02T20:49:03.029+0800","caller":"bluebell/main.go:39","msg":"logger init success..."}
{"level":"DEBUG","time":"2022-08-02T20:49:04.505+0800","caller":"bluebell/main.go:39","msg":"logger init success..."}
{"level":"DEBUG","time":"2022-08-02T21:21:03.353+0800","caller":"bluebell/main.go:39","msg":"logger init success..."}
{"level":"DEBUG","time":"2022-08-02T21:21:07.607+0800","caller":"bluebell/main.go:39","msg":"logger init success..."}
{"level":"DEBUG","time":"2022-08-02T21:21:12.688+0800","caller":"bluebell/main.go:39","msg":"logger init success..."}
{"level":"DEBUG","time":"2022-08-02T21:21:15.465+0800","caller":"bluebell/main.go:39","msg":"logger init success..."}
{"level":"DEBUG","time":"2022-08-02T21:21:19.552+0800","caller":"bluebell/main.go:39","msg":"logger init success..."}
{"level":"DEBUG","time":"2022-08-02T21:21:38.106+0800","caller":"bluebell/main.go:39","msg":"logger init success..."}
{"level":"DEBUG","time":"2022-08-02T21:21:44.173+0800","caller":"bluebell/main.go:39","msg":"logger init success..."}
{"level":"DEBUG","time":"2022-08-02T21:21:47.611+0800","caller":"bluebell/main.go:39","msg":"logger init success..."}
{"level":"DEBUG","time":"2022-08-02T21:21:51.662+0800","caller":"bluebell/main.go:39","msg":"logger init success..."}
{"level":"DEBUG","time":"2022-08-02T21:22:07.184+0800","caller":"bluebell/main.go:39","msg":"logger init success..."}
{"level":"DEBUG","time":"2022-08-02T21:24:35.542+0800","caller":"bluebell/main.go:39","msg":"logger init success..."}
{"level":"DEBUG","time":"2022-08-02T21:24:36.654+0800","caller":"bluebell/main.go:39","msg":"logger init success..."}
{"level":"DEBUG","time":"2022-08-02T21:24:41.080+0800","caller":"bluebell/main.go:39","msg":"logger init success..."}
{"level":"DEBUG","time":"2022-08-02T21:33:12.707+0800","caller":"bluebell/main.go:39","msg":"logger init success..."}
{"level":"INFO","time":"2022-08-02T21:33:57.374+0800","caller":"logger/logger.go:80","msg":"/api/v1/community/1","status":200,"method":"GET","path":"/api/v1/community/1","query":"","ip":"::1","user-agent":"PostmanRuntime/7.29.2","errors":"","cost":0.0003091}
{"level":"INFO","time":"2022-08-02T21:34:12.733+0800","caller":"logger/logger.go:80","msg":"/api/v1/community/1","status":200,"method":"GET","path":"/api/v1/community/1","query":"","ip":"::1","user-agent":"PostmanRuntime/7.29.2","errors":"","cost":0.0010364}
{"level":"INFO","time":"2022-08-02T21:34:18.960+0800","caller":"logger/logger.go:80","msg":"/api/v1/community/2","status":200,"method":"GET","path":"/api/v1/community/2","query":"","ip":"::1","user-agent":"PostmanRuntime/7.29.2","errors":"","cost":0.0002693}
{"level":"INFO","time":"2022-08-02T21:34:20.783+0800","caller":"logger/logger.go:80","msg":"/api/v1/community/3","status":200,"method":"GET","path":"/api/v1/community/3","query":"","ip":"::1","user-agent":"PostmanRuntime/7.29.2","errors":"","cost":0.0004597}
{"level":"DEBUG","time":"2022-08-02T21:35:13.227+0800","caller":"bluebell/main.go:39","msg":"logger init success..."}
{"level":"INFO","time":"2022-08-02T21:35:13.515+0800","caller":"logger/logger.go:80","msg":"/api/v1/community/3","status":200,"method":"GET","path":"/api/v1/community/3","query":"","ip":"::1","user-agent":"PostmanRuntime/7.29.2","errors":"","cost":0.00187}
{"level":"INFO","time":"2022-08-02T21:35:16.731+0800","caller":"logger/logger.go:80","msg":"/api/v1/community/1","status":200,"method":"GET","path":"/api/v1/community/1","query":"","ip":"::1","user-agent":"PostmanRuntime/7.29.2","errors":"","cost":0.0010229}
{"level":"DEBUG","time":"2022-08-02T21:35:28.823+0800","caller":"bluebell/main.go:39","msg":"logger init success..."}
{"level":"DEBUG","time":"2022-08-02T21:35:50.951+0800","caller":"bluebell/main.go:39","msg":"logger init success..."}
{"level":"INFO","time":"2022-08-02T21:36:07.631+0800","caller":"logger/logger.go:80","msg":"/api/v1/community/1","status":200,"method":"GET","path":"/api/v1/community/1","query":"","ip":"::1","user-agent":"PostmanRuntime/7.29.2","errors":"","cost":0.0011492}
{"level":"DEBUG","time":"2022-08-02T21:36:27.335+0800","caller":"bluebell/main.go:39","msg":"logger init success..."}
{"level":"DEBUG","time":"2022-08-02T21:36:30.952+0800","caller":"bluebell/main.go:39","msg":"logger init success..."}
{"level":"DEBUG","time":"2022-08-02T21:36:36.298+0800","caller":"bluebell/main.go:39","msg":"logger init success..."}
{"level":"DEBUG","time":"2022-08-02T21:36:46.491+0800","caller":"bluebell/main.go:39","msg":"logger init success..."}
{"level":"DEBUG","time":"2022-08-02T21:36:50.052+0800","caller":"bluebell/main.go:39","msg":"logger init success..."}
{"level":"DEBUG","time":"2022-08-02T21:36:54.345+0800","caller":"bluebell/main.go:39","msg":"logger init success..."}
{"level":"DEBUG","time":"2022-08-02T21:36:59.081+0800","caller":"bluebell/main.go:39","msg":"logger init success..."}
{"level":"DEBUG","time":"2022-08-02T21:37:02.768+0800","caller":"bluebell/main.go:39","msg":"logger init success..."}
{"level":"DEBUG","time":"2022-08-02T21:37:05.974+0800","caller":"bluebell/main.go:39","msg":"logger init success..."}
{"level":"DEBUG","time":"2022-08-02T21:37:12.341+0800","caller":"bluebell/main.go:39","msg":"logger init success..."}
{"level":"INFO","time":"2022-08-02T21:37:14.285+0800","caller":"logger/logger.go:80","msg":"/api/v1/community/1","status":200,"method":"GET","path":"/api/v1/community/1","query":"","ip":"::1","user-agent":"PostmanRuntime/7.29.2","errors":"","cost":0.0007244}
{"level":"DEBUG","time":"2022-08-02T21:39:08.007+0800","caller":"bluebell/main.go:39","msg":"logger init success..."}
{"level":"DEBUG","time":"2022-08-02T21:39:09.265+0800","caller":"bluebell/main.go:39","msg":"logger init success..."}
{"level":"DEBUG","time":"2022-08-03T07:30:52.931+0800","caller":"bluebell/main.go:39","msg":"logger init success..."}
{"level":"DEBUG","time":"2022-08-03T07:30:56.713+0800","caller":"bluebell/main.go:39","msg":"logger init success..."}
{"level":"DEBUG","time":"2022-08-03T07:31:08.378+0800","caller":"bluebell/main.go:39","msg":"logger init success..."}
{"level":"DEBUG","time":"2022-08-03T07:31:24.945+0800","caller":"bluebell/main.go:39","msg":"logger init success..."}
{"level":"DEBUG","time":"2022-08-03T07:31:32.051+0800","caller":"bluebell/main.go:39","msg":"logger init success..."}
{"level":"DEBUG","time":"2022-08-03T07:31:33.785+0800","caller":"bluebell/main.go:39","msg":"logger init success..."}
{"level":"DEBUG","time":"2022-08-03T07:31:44.988+0800","caller":"bluebell/main.go:39","msg":"logger init success..."}
{"level":"DEBUG","time":"2022-08-03T07:31:58.102+0800","caller":"bluebell/main.go:39","msg":"logger init success..."}
{"level":"DEBUG","time":"2022-08-03T07:32:06.671+0800","caller":"bluebell/main.go:39","msg":"logger init success..."}
{"level":"DEBUG","time":"2022-08-03T07:32:10.658+0800","caller":"bluebell/main.go:39","msg":"logger init success..."}
{"level":"DEBUG","time":"2022-08-03T07:32:14.485+0800","caller":"bluebell/main.go:39","msg":"logger init success..."}
{"level":"DEBUG","time":"2022-08-03T07:32:17.435+0800","caller":"bluebell/main.go:39","msg":"logger init success..."}
{"level":"DEBUG","time":"2022-08-03T07:32:38.675+0800","caller":"bluebell/main.go:39","msg":"logger init success..."}
{"level":"DEBUG","time":"2022-08-03T07:32:43.858+0800","caller":"bluebell/main.go:39","msg":"logger init success..."}
{"level":"DEBUG","time":"2022-08-03T07:32:47.257+0800","caller":"bluebell/main.go:39","msg":"logger init success..."}
{"level":"DEBUG","time":"2022-08-03T07:32:50.459+0800","caller":"bluebell/main.go:39","msg":"logger init success..."}
{"level":"DEBUG","time":"2022-08-03T07:32:53.563+0800","caller":"bluebell/main.go:39","msg":"logger init success..."}
{"level":"DEBUG","time":"2022-08-03T07:32:55.713+0800","caller":"bluebell/main.go:39","msg":"logger init success..."}
{"level":"DEBUG","time":"2022-08-03T07:32:57.776+0800","caller":"bluebell/main.go:39","msg":"logger init success..."}
{"level":"DEBUG","time":"2022-08-03T07:33:02.821+0800","caller":"bluebell/main.go:39","msg":"logger init success..."}
{"level":"DEBUG","time":"2022-08-03T07:33:10.025+0800","caller":"bluebell/main.go:39","msg":"logger init success..."}
{"level":"DEBUG","time":"2022-08-03T07:33:11.951+0800","caller":"bluebell/main.go:39","msg":"logger init success..."}
{"level":"DEBUG","time":"2022-08-03T07:33:15.586+0800","caller":"bluebell/main.go:39","msg":"logger init success..."}
{"level":"DEBUG","time":"2022-08-03T07:33:21.022+0800","caller":"bluebell/main.go:39","msg":"logger init success..."}
{"level":"DEBUG","time":"2022-08-03T07:33:24.175+0800","caller":"bluebell/main.go:39","msg":"logger init success..."}
{"level":"DEBUG","time":"2022-08-03T07:33:25.736+0800","caller":"bluebell/main.go:39","msg":"logger init success..."}
{"level":"DEBUG","time":"2022-08-03T07:33:30.362+0800","caller":"bluebell/main.go:39","msg":"logger init success..."}
{"level":"DEBUG","time":"2022-08-03T07:33:34.069+0800","caller":"bluebell/main.go:39","msg":"logger init success..."}
{"level":"DEBUG","time":"2022-08-03T07:33:35.948+0800","caller":"bluebell/main.go:39","msg":"logger init success..."}
{"level":"DEBUG","time":"2022-08-03T07:33:41.252+0800","caller":"bluebell/main.go:39","msg":"logger init success..."}
{"level":"DEBUG","time":"2022-08-03T07:33:46.158+0800","caller":"bluebell/main.go:39","msg":"logger init success..."}
{"level":"DEBUG","time":"2022-08-03T07:33:49.325+0800","caller":"bluebell/main.go:39","msg":"logger init success..."}
{"level":"DEBUG","time":"2022-08-03T07:33:55.359+0800","caller":"bluebell/main.go:39","msg":"logger init success..."}
{"level":"DEBUG","time":"2022-08-03T07:33:57.229+0800","caller":"bluebell/main.go:39","msg":"logger init success..."}
{"level":"DEBUG","time":"2022-08-03T07:34:01.596+0800","caller":"bluebell/main.go:39","msg":"logger init success..."}
{"level":"DEBUG","time":"2022-08-03T07:34:04.788+0800","caller":"bluebell/main.go:39","msg":"logger init success..."}
{"level":"DEBUG","time":"2022-08-03T07:34:07.697+0800","caller":"bluebell/main.go:39","msg":"logger init success..."}
{"level":"DEBUG","time":"2022-08-03T07:34:11.486+0800","caller":"bluebell/main.go:39","msg":"logger init success..."}
{"level":"DEBUG","time":"2022-08-03T07:34:17.460+0800","caller":"bluebell/main.go:39","msg":"logger init success..."}
{"level":"DEBUG","time":"2022-08-03T07:34:27.693+0800","caller":"bluebell/main.go:39","msg":"logger init success..."}
{"level":"DEBUG","time":"2022-08-03T07:34:30.939+0800","caller":"bluebell/main.go:39","msg":"logger init success..."}
{"level":"DEBUG","time":"2022-08-03T07:34:36.157+0800","caller":"bluebell/main.go:39","msg":"logger init success..."}
{"level":"DEBUG","time":"2022-08-03T07:34:40.817+0800","caller":"bluebell/main.go:39","msg":"logger init success..."}
{"level":"DEBUG","time":"2022-08-03T07:34:44.284+0800","caller":"bluebell/main.go:39","msg":"logger init success..."}
{"level":"DEBUG","time":"2022-08-03T07:34:47.750+0800","caller":"bluebell/main.go:39","msg":"logger init success..."}
{"level":"DEBUG","time":"2022-08-03T07:35:18.353+0800","caller":"bluebell/main.go:39","msg":"logger init success..."}
{"level":"DEBUG","time":"2022-08-03T07:36:01.745+0800","caller":"bluebell/main.go:39","msg":"logger init success..."}
{"level":"DEBUG","time":"2022-08-03T19:21:55.753+0800","caller":"bluebell/main.go:39","msg":"logger init success..."}
{"level":"DEBUG","time":"2022-08-03T19:22:03.239+0800","caller":"bluebell/main.go:39","msg":"logger init success..."}
{"level":"DEBUG","time":"2022-08-03T19:22:08.328+0800","caller":"bluebell/main.go:39","msg":"logger init success..."}
{"level":"DEBUG","time":"2022-08-03T19:22:11.462+0800","caller":"bluebell/main.go:39","msg":"logger init success..."}
{"level":"DEBUG","time":"2022-08-03T19:22:21.532+0800","caller":"bluebell/main.go:39","msg":"logger init success..."}
{"level":"DEBUG","time":"2022-08-03T19:22:32.786+0800","caller":"bluebell/main.go:39","msg":"logger init success..."}
{"level":"INFO","time":"2022-08-03T19:23:56.271+0800","caller":"logger/logger.go:80","msg":"/api/v1/post","status":404,"method":"GET","path":"/api/v1/post","query":"","ip":"::1","user-agent":"PostmanRuntime/7.29.2","errors":"","cost":0}
{"level":"DEBUG","time":"2022-08-03T19:24:36.050+0800","caller":"bluebell/main.go:39","msg":"logger init success..."}
{"level":"INFO","time":"2022-08-03T19:24:37.844+0800","caller":"logger/logger.go:80","msg":"/api/v1/post","status":404,"method":"GET","path":"/api/v1/post","query":"","ip":"::1","user-agent":"PostmanRuntime/7.29.2","errors":"","cost":0}
{"level":"ERROR","time":"2022-08-03T19:24:50.010+0800","caller":"controller/post.go:29","msg":"logic.CreatePost(p) failed","error":"sql: expected 5 arguments, got 4"}
{"level":"INFO","time":"2022-08-03T19:24:50.010+0800","caller":"logger/logger.go:80","msg":"/api/v1/post","status":200,"method":"POST","path":"/api/v1/post","query":"","ip":"::1","user-agent":"PostmanRuntime/7.29.2","errors":"","cost":0.0034964}
{"level":"DEBUG","time":"2022-08-03T19:27:45.746+0800","caller":"bluebell/main.go:39","msg":"logger init success..."}
{"level":"INFO","time":"2022-08-03T19:27:55.521+0800","caller":"logger/logger.go:80","msg":"/api/v1/post","status":200,"method":"POST","path":"/api/v1/post","query":"","ip":"::1","user-agent":"PostmanRuntime/7.29.2","errors":"","cost":0.0055909}
{"level":"DEBUG","time":"2022-08-03T20:14:08.245+0800","caller":"bluebell/main.go:39","msg":"logger init success..."}
